<?xml version="1.0" encoding="UTF-8"?>
<!-- Generated by org.testng.reporters.JUnitReportReporter -->
<testsuite hostname="INLEN8520028251" failures="0" tests="1" name="com.qa.testng.TC_Login001" time="6.394" errors="0" timestamp="2022-03-23T23:02:58 IST" skipped="0">
  <testcase classname="com.qa.testng.TC_Login001" name="verifyLoginTest" time="6.394"/>
  <system-out/>
</testsuite> <!-- com.qa.testng.TC_Login001 -->
