<?xml version="1.0" encoding="UTF-8"?>
<!-- Generated by org.testng.reporters.JUnitReportReporter -->
<testsuite hostname="INLEN8520028251" failures="0" tests="1" name="com.qa.page.TC_Rediff_002" time="11.625" errors="0" timestamp="2022-03-17T13:18:55 IST" skipped="0">
  <testcase classname="com.qa.page.TC_Rediff_002" name="openrediff" time="11.625"/>
  <system-out/>
</testsuite> <!-- com.qa.page.TC_Rediff_002 -->
