<?xml version="1.0" encoding="UTF-8"?>
<!-- Generated by org.testng.reporters.JUnitReportReporter -->
<testsuite hostname="INLEN8520028251" failures="0" tests="2" name="com.qa.testng.TestNG_001" time="14.465" errors="0" timestamp="2022-03-21T21:13:54 IST" skipped="0">
  <testcase classname="com.qa.testng.TestNG_001" name="verifyPageTitleTest" time="7.309"/>
  <system-out/>
  <testcase classname="com.qa.testng.TestNG_001" name="verifySearchBarTest" time="7.156"/>
  <system-out/>
</testsuite> <!-- com.qa.testng.TestNG_001 -->
