<?xml version="1.0" encoding="UTF-8"?>
<!-- Generated by org.testng.reporters.JUnitReportReporter -->
<testsuite hostname="INLEN8520028251" failures="0" tests="1" name="com.qa.testng.TC_ClearTrip_001" time="18.138" errors="0" timestamp="2022-03-25T08:59:50 IST" skipped="0">
  <testcase classname="com.qa.testng.TC_ClearTrip_001" name="verifysearchFlightsTest" time="18.138"/>
  <system-out>
    <![CDATA[One Way Radio Button is not selected by Default]]>
  </system-out>
</testsuite> <!-- com.qa.testng.TC_ClearTrip_001 -->
