<?xml version="1.0" encoding="UTF-8"?>
<!-- Generated by org.testng.reporters.JUnitReportReporter -->
<testsuite hostname="INLEN8520028251" failures="0" tests="1" name="com.qa.testscripts.TC_Google_001" time="19.494" errors="0" timestamp="2022-03-17T12:48:22 IST" skipped="0">
  <testcase classname="com.qa.testscripts.TC_Google_001" name="openbrowser" time="19.494"/>
  <system-out/>
</testsuite> <!-- com.qa.testscripts.TC_Google_001 -->
