<?xml version="1.0" encoding="UTF-8"?>
<!-- Generated by org.testng.reporters.JUnitReportReporter -->
<testsuite hostname="INLEN8520028251" failures="0" tests="4" name="com.qa.testng.TestNG_Aamzon_001" time="25.682" errors="0" timestamp="2022-03-22T07:44:47 IST" skipped="0">
  <testcase classname="com.qa.testng.TestNG_Aamzon_001" name="verifyPageTitleTest" time="6.015"/>
  <system-out/>
  <testcase classname="com.qa.testng.TestNG_Aamzon_001" name="verifyPageTitleTest" time="6.387"/>
  <system-out/>
  <testcase classname="com.qa.testng.TestNG_Aamzon_001" name="verifySearchBarTest" time="6.112"/>
  <system-out/>
  <testcase classname="com.qa.testng.TestNG_Aamzon_001" name="verifySearchBarTest" time="7.168"/>
  <system-out/>
</testsuite> <!-- com.qa.testng.TestNG_Aamzon_001 -->
