<?xml version="1.0" encoding="UTF-8"?>
<!-- Generated by org.testng.reporters.JUnitReportReporter -->
<testsuite hostname="INLEN8520028251" failures="0" tests="1" name="com.qa.testng.TC_OrangeHRMlogoSS" time="0.153" errors="0" timestamp="2022-03-24T08:42:59 IST" skipped="0">
  <testcase classname="com.qa.testng.TC_OrangeHRMlogoSS" name="elementScreenshot" time="0.153"/>
  <system-out/>
</testsuite> <!-- com.qa.testng.TC_OrangeHRMlogoSS -->
